03:35:45.814 [main] INFO  testCases.TC_001_AccountRegistrationTest - ***Starting TC_001_AccountRegistrationTest***
03:35:47.355 [main] INFO  testCases.TC_001_AccountRegistrationTest - Clicked on my account
03:35:48.106 [main] INFO  testCases.TC_001_AccountRegistrationTest - Clicked on my register
03:35:48.110 [main] INFO  testCases.TC_001_AccountRegistrationTest - providing customer data
03:35:53.427 [main] INFO  testCases.TC_001_AccountRegistrationTest - Validating Expected message
03:35:53.432 [main] INFO  testCases.TC_001_AccountRegistrationTest - ***Finished TC_001_AccountRegistrationTest***
03:35:59.440 [main] INFO  testCases.TC_002_Login - ***Starting TC_002_LoginTest***
03:39:32.059 [main] INFO  testCases.TC_001_AccountRegistrationTest - ***Starting TC_001_AccountRegistrationTest***
03:39:32.457 [main] INFO  testCases.TC_001_AccountRegistrationTest - Clicked on my account
03:39:35.281 [main] INFO  testCases.TC_001_AccountRegistrationTest - Clicked on my register
03:39:35.299 [main] INFO  testCases.TC_001_AccountRegistrationTest - providing customer data
03:39:40.117 [main] INFO  testCases.TC_001_AccountRegistrationTest - Validating Expected message
03:39:40.124 [main] INFO  testCases.TC_001_AccountRegistrationTest - ***Finished TC_001_AccountRegistrationTest***
03:39:57.924 [main] INFO  testCases.TC_002_Login - ***Starting TC_002_LoginTest***
16:43:05.287 [main] INFO  testCases.TC_001_AccountRegistrationTest - ***Starting TC_001_AccountRegistrationTest***
16:43:06.116 [main] INFO  testCases.TC_001_AccountRegistrationTest - Clicked on my account
16:43:07.331 [main] INFO  testCases.TC_001_AccountRegistrationTest - Clicked on my register
16:43:07.355 [main] INFO  testCases.TC_001_AccountRegistrationTest - providing customer data
16:43:11.639 [main] INFO  testCases.TC_001_AccountRegistrationTest - Validating Expected message
16:43:11.643 [main] INFO  testCases.TC_001_AccountRegistrationTest - ***Finished TC_001_AccountRegistrationTest***
16:43:17.929 [main] INFO  testCases.TC_002_Login - ***Starting TC_002_LoginTest***
18:21:22.366 [main] INFO  testCases.TC_003_LoginDDT - ***Starting TC_003_LoginDDT***
18:21:33.875 [main] ERROR testCases.TC_003_LoginDDT - Test Failed
18:21:34.086 [main] INFO  testCases.TC_003_LoginDDT - ***Starting TC_003_LoginDDT***
18:21:44.217 [main] ERROR testCases.TC_003_LoginDDT - Test Failed
18:21:44.362 [main] INFO  testCases.TC_003_LoginDDT - ***Starting TC_003_LoginDDT***
18:21:54.468 [main] ERROR testCases.TC_003_LoginDDT - Test Failed
18:21:54.606 [main] INFO  testCases.TC_003_LoginDDT - ***Starting TC_003_LoginDDT***
18:22:04.680 [main] ERROR testCases.TC_003_LoginDDT - Test Failed
18:22:04.809 [main] INFO  testCases.TC_003_LoginDDT - ***Starting TC_003_LoginDDT***
18:22:14.878 [main] ERROR testCases.TC_003_LoginDDT - Test Failed
18:31:00.129 [main] INFO  testCases.TC_003_LoginDDT - ***Starting TC_003_LoginDDT***
18:31:12.346 [main] ERROR testCases.TC_003_LoginDDT - Test Failed
18:31:12.530 [main] INFO  testCases.TC_003_LoginDDT - ***Starting TC_003_LoginDDT***
18:31:22.657 [main] ERROR testCases.TC_003_LoginDDT - Test Failed
18:31:22.805 [main] INFO  testCases.TC_003_LoginDDT - ***Starting TC_003_LoginDDT***
18:31:32.906 [main] ERROR testCases.TC_003_LoginDDT - Test Failed
18:31:33.030 [main] INFO  testCases.TC_003_LoginDDT - ***Starting TC_003_LoginDDT***
18:31:43.120 [main] ERROR testCases.TC_003_LoginDDT - Test Failed
18:31:43.252 [main] INFO  testCases.TC_003_LoginDDT - ***Starting TC_003_LoginDDT***
18:31:53.313 [main] ERROR testCases.TC_003_LoginDDT - Test Failed
18:34:53.253 [main] INFO  testCases.TC_003_LoginDDT - ***Starting TC_003_LoginDDT***
18:34:55.370 [main] INFO  testCases.TC_003_LoginDDT - ***Finished TC_003_LoginDDT***
18:34:55.394 [main] INFO  testCases.TC_003_LoginDDT - ***Starting TC_003_LoginDDT***
18:35:06.121 [main] INFO  testCases.TC_003_LoginDDT - ***Finished TC_003_LoginDDT***
18:35:06.121 [main] INFO  testCases.TC_003_LoginDDT - ***Starting TC_003_LoginDDT***
18:35:16.797 [main] INFO  testCases.TC_003_LoginDDT - ***Finished TC_003_LoginDDT***
18:35:16.812 [main] INFO  testCases.TC_003_LoginDDT - ***Starting TC_003_LoginDDT***
18:35:27.460 [main] INFO  testCases.TC_003_LoginDDT - ***Finished TC_003_LoginDDT***
18:35:27.460 [main] INFO  testCases.TC_003_LoginDDT - ***Starting TC_003_LoginDDT***
18:35:28.461 [main] INFO  testCases.TC_003_LoginDDT - ***Finished TC_003_LoginDDT***
22:35:25.319 [main] INFO  testCases.TC_001_AccountRegistrationTest - ***Starting TC_001_AccountRegistrationTest***
22:35:26.093 [main] INFO  testCases.TC_001_AccountRegistrationTest - Clicked on my account
22:35:26.980 [main] INFO  testCases.TC_001_AccountRegistrationTest - Clicked on my register
22:35:26.989 [main] INFO  testCases.TC_001_AccountRegistrationTest - providing customer data
22:35:31.379 [main] INFO  testCases.TC_001_AccountRegistrationTest - Validating Expected message
22:35:31.379 [main] INFO  testCases.TC_001_AccountRegistrationTest - ***Finished TC_001_AccountRegistrationTest***
22:35:37.973 [main] INFO  testCases.TC_002_Login - ***Starting TC_002_LoginTest***
22:37:18.797 [main] INFO  testCases.TC_001_AccountRegistrationTest - ***Starting TC_001_AccountRegistrationTest***
22:37:19.478 [main] INFO  testCases.TC_001_AccountRegistrationTest - Clicked on my account
22:37:20.215 [main] INFO  testCases.TC_001_AccountRegistrationTest - Clicked on my register
22:37:20.218 [main] INFO  testCases.TC_001_AccountRegistrationTest - providing customer data
22:37:24.218 [main] INFO  testCases.TC_001_AccountRegistrationTest - Validating Expected message
22:37:24.221 [main] INFO  testCases.TC_001_AccountRegistrationTest - ***Finished TC_001_AccountRegistrationTest***
22:37:27.807 [main] INFO  testCases.TC_002_Login - ***Starting TC_002_LoginTest***
22:37:31.588 [main] INFO  testCases.TC_002_Login - ***Finished TC_002_Login***
22:41:03.829 [main] INFO  testCases.TC_002_Login - ***Starting TC_002_LoginTest***
22:41:05.944 [main] INFO  testCases.TC_002_Login - ***Finished TC_002_Login***
22:42:08.131 [main] INFO  testCases.TC_001_AccountRegistrationTest - ***Starting TC_001_AccountRegistrationTest***
22:42:08.388 [main] INFO  testCases.TC_001_AccountRegistrationTest - Clicked on my account
22:42:09.476 [main] INFO  testCases.TC_001_AccountRegistrationTest - Clicked on my register
22:42:09.484 [main] INFO  testCases.TC_001_AccountRegistrationTest - providing customer data
22:42:13.679 [main] INFO  testCases.TC_001_AccountRegistrationTest - Validating Expected message
22:42:13.687 [main] INFO  testCases.TC_001_AccountRegistrationTest - ***Finished TC_001_AccountRegistrationTest***
00:21:50.851 [main] INFO  testCases.TC_001_AccountRegistrationTest - ***Starting TC_001_AccountRegistrationTest***
00:21:51.732 [main] INFO  testCases.TC_001_AccountRegistrationTest - Clicked on my account
00:21:52.652 [main] INFO  testCases.TC_001_AccountRegistrationTest - Clicked on my register
00:21:52.660 [main] INFO  testCases.TC_001_AccountRegistrationTest - providing customer data
00:21:56.462 [main] INFO  testCases.TC_001_AccountRegistrationTest - Validating Expected message
00:21:56.470 [main] INFO  testCases.TC_001_AccountRegistrationTest - ***Finished TC_001_AccountRegistrationTest***
00:23:58.283 [main] INFO  testCases.TC_001_AccountRegistrationTest - ***Starting TC_001_AccountRegistrationTest***
00:23:58.956 [main] INFO  testCases.TC_001_AccountRegistrationTest - Clicked on my account
00:24:00.072 [main] INFO  testCases.TC_001_AccountRegistrationTest - Clicked on my register
00:24:00.072 [main] INFO  testCases.TC_001_AccountRegistrationTest - providing customer data
00:24:04.251 [main] INFO  testCases.TC_001_AccountRegistrationTest - Validating Expected message
00:24:04.259 [main] INFO  testCases.TC_001_AccountRegistrationTest - ***Finished TC_001_AccountRegistrationTest***
00:24:07.568 [main] INFO  testCases.TC_002_Login - ***Starting TC_002_LoginTest***
00:24:10.182 [main] INFO  testCases.TC_002_Login - ***Finished TC_002_Login***
01:08:04.591 [main] INFO  testCases.TC_001_AccountRegistrationTest - ***Starting TC_001_AccountRegistrationTest***
01:08:04.968 [main] INFO  testCases.TC_001_AccountRegistrationTest - Clicked on my account
01:08:06.630 [main] INFO  testCases.TC_001_AccountRegistrationTest - Clicked on my register
01:08:06.632 [main] INFO  testCases.TC_001_AccountRegistrationTest - providing customer data
01:08:10.205 [main] INFO  testCases.TC_001_AccountRegistrationTest - Validating Expected message
01:08:10.207 [main] INFO  testCases.TC_001_AccountRegistrationTest - ***Finished TC_001_AccountRegistrationTest***
01:08:12.878 [main] INFO  testCases.TC_002_Login - ***Starting TC_002_LoginTest***
01:08:14.403 [main] INFO  testCases.TC_002_Login - ***Finished TC_002_Login***
01:32:40.161 [main] INFO  testCases.TC_001_AccountRegistrationTest - ***Starting TC_001_AccountRegistrationTest***
01:32:40.903 [main] INFO  testCases.TC_001_AccountRegistrationTest - Clicked on my account
01:32:41.870 [main] INFO  testCases.TC_001_AccountRegistrationTest - Clicked on my register
01:32:41.876 [main] INFO  testCases.TC_001_AccountRegistrationTest - providing customer data
01:32:46.122 [main] INFO  testCases.TC_001_AccountRegistrationTest - Validating Expected message
01:32:46.130 [main] INFO  testCases.TC_001_AccountRegistrationTest - ***Finished TC_001_AccountRegistrationTest***
01:32:49.426 [main] INFO  testCases.TC_002_Login - ***Starting TC_002_LoginTest***
01:32:51.784 [main] INFO  testCases.TC_002_Login - ***Finished TC_002_Login***
